\BOOKMARK [1][-]{section.1}{\376\377\000d\000p}{}% 1
\BOOKMARK [2][-]{subsection.1.1}{\376\377\000L\000C\000S}{section.1}% 2
\BOOKMARK [2][-]{subsection.1.2}{\376\377\000L\000I\000S}{section.1}% 3
\BOOKMARK [2][-]{subsection.1.3}{\376\377\000T\000S\000P}{section.1}% 4
\BOOKMARK [2][-]{subsection.1.4}{\376\377\000h\000u\000n\000g\000a\000r\000i\000a\000n}{section.1}% 5
\BOOKMARK [1][-]{section.2}{\376\377\000d\000s}{}% 6
\BOOKMARK [2][-]{subsection.2.1}{\376\377\000D\000S\000U}{section.2}% 7
\BOOKMARK [2][-]{subsection.2.2}{\376\377\000D\000o\000u\000b\000l\000e\000\040\000P\000r\000i\000o\000\040\000Q}{section.2}% 8
\BOOKMARK [2][-]{subsection.2.3}{\376\377\000S\000e\000g\000T\000r\000e\000e}{section.2}% 9
\BOOKMARK [2][-]{subsection.2.4}{\376\377\000T\000r\000i\000e}{section.2}% 10
\BOOKMARK [2][-]{subsection.2.5}{\376\377\000F\000e\000n\000w\000i\000c\000k\000-\000T\000r\000e\000e}{section.2}% 11
\BOOKMARK [2][-]{subsection.2.6}{\376\377\000R\000a\000n\000g\000e\000\040\000c\000o\000u\000n\000t\000\040\000q\000u\000e\000r\000y}{section.2}% 12
\BOOKMARK [2][-]{subsection.2.7}{\376\377\000R\000a\000n\000g\000e\000\040\000m\000i\000n\000\040\000q\000u\000e\000r\000y}{section.2}% 13
\BOOKMARK [2][-]{subsection.2.8}{\376\377\000S\000o\000r\000t\000e\000d\000\040\000S\000e\000t}{section.2}% 14
\BOOKMARK [1][-]{section.3}{\376\377\000g\000r\000a\000p\000h}{}% 15
\BOOKMARK [2][-]{subsection.3.1}{\376\377\000M\000S\000T}{section.3}% 16
\BOOKMARK [2][-]{subsection.3.2}{\376\377\000L\000C\000A}{section.3}% 17
\BOOKMARK [2][-]{subsection.3.3}{\376\377\000S\000t\000r\000o\000n\000g\000e\000s\000t\000\040\000C\000C}{section.3}% 18
\BOOKMARK [2][-]{subsection.3.4}{\376\377\000M\000a\000x\000i\000m\000u\000m\000\040\000B\000i\000p\000a\000r\000t\000i\000t\000e\000\040\000M\000a\000t\000c\000h\000i\000n\000g}{section.3}% 19
\BOOKMARK [2][-]{subsection.3.5}{\376\377\000m\000a\000x\000f\000l\000o\000w}{section.3}% 20
\BOOKMARK [1][-]{section.4}{\376\377\000m\000a\000t\000h}{}% 21
\BOOKMARK [2][-]{subsection.4.1}{\376\377\000D\000E\000T}{section.4}% 22
\BOOKMARK [2][-]{subsection.4.2}{\376\377\000F\000F\000T}{section.4}% 23
\BOOKMARK [2][-]{subsection.4.3}{\376\377\000G\000E\000O}{section.4}% 24
\BOOKMARK [2][-]{subsection.4.4}{\376\377\000L\000i\000n\000e\000a\000r\000\040\000S\000y\000s\000t\000e\000m\000s}{section.4}% 25
\BOOKMARK [2][-]{subsection.4.5}{\376\377\000M\000A\000T\000M\000U\000L}{section.4}% 26
\BOOKMARK [2][-]{subsection.4.6}{\376\377\000M\000A\000T\000P\000O\000W}{section.4}% 27
\BOOKMARK [2][-]{subsection.4.7}{\376\377\000M\000O\000D}{section.4}% 28
\BOOKMARK [2][-]{subsection.4.8}{\376\377\000F\000a\000s\000t\000\040\000p\000r\000i\000m\000e\000\040\000c\000h\000e\000c\000k}{section.4}% 29
\BOOKMARK [1][-]{section.5}{\376\377\000m\000i\000s\000c}{}% 30
\BOOKMARK [2][-]{subsection.5.1}{\376\377\000K\000M\000P}{section.5}% 31
\BOOKMARK [2][-]{subsection.5.2}{\376\377\000B\000o\000o\000t\000s\000t\000r\000a\000p}{section.5}% 32
\BOOKMARK [1][-]{section.6}{\376\377\000m\000o\000r\000e\000\040\000m\000a\000t\000h}{}% 33
\BOOKMARK [2][-]{subsection.6.1}{\376\377\000T\000r\000e\000e}{section.6}% 34
\BOOKMARK [2][-]{subsection.6.2}{\376\377\000D\000i\000v\000i\000s\000a\000b\000i\000l\000i\000t\000y\000\040\000E\000x\000p\000l\000a\000n\000a\000t\000i\000o\000n}{section.6}% 35
\BOOKMARK [2][-]{subsection.6.3}{\376\377\000C\000o\000m\000b\000i\000n\000a\000t\000o\000r\000i\000c\000s}{section.6}% 36
\BOOKMARK [2][-]{subsection.6.4}{\376\377\000P\000o\000l\000y\000n\000o\000m\000i\000a\000l\000\040\000I\000n\000t\000e\000r\000p\000o\000l\000a\000t\000i\000o\000n}{section.6}% 37
\BOOKMARK [3][-]{subsubsection.6.4.1}{\376\377\000T\000h\000e\000o\000r\000y}{subsection.6.4}% 38
\BOOKMARK [2][-]{subsection.6.5}{\376\377\000F\000i\000b\000o\000n\000a\000c\000c\000i\000\040\000S\000e\000q\000u\000e\000n\000c\000e}{section.6}% 39
\BOOKMARK [3][-]{subsubsection.6.5.1}{\376\377\000B\000i\000n\000e\000t\000'\000s\000\040\000f\000o\000r\000m\000u\000l\000a}{subsection.6.5}% 40
\BOOKMARK [3][-]{subsubsection.6.5.2}{\376\377\000G\000e\000n\000e\000r\000a\000l\000i\000z\000a\000t\000i\000o\000n}{subsection.6.5}% 41
\BOOKMARK [3][-]{subsubsection.6.5.3}{\376\377\000P\000i\000s\000a\000n\000o\000\040\000P\000e\000r\000i\000o\000d}{subsection.6.5}% 42
\BOOKMARK [2][-]{subsection.6.6}{\376\377\000S\000e\000r\000i\000e\000s}{section.6}% 43
\BOOKMARK [2][-]{subsection.6.7}{\376\377\000B\000i\000n\000o\000m\000i\000a\000l\000\040\000c\000o\000e\000f\000f\000i\000c\000i\000e\000n\000t\000s}{section.6}% 44
\BOOKMARK [2][-]{subsection.6.8}{\376\377\000C\000a\000t\000a\000l\000a\000n\000\040\000n\000u\000m\000b\000e\000r\000s}{section.6}% 45
\BOOKMARK [2][-]{subsection.6.9}{\376\377\000G\000e\000o\000m\000e\000t\000r\000y}{section.6}% 46
\BOOKMARK [2][-]{subsection.6.10}{\376\377\000N\000u\000m\000b\000e\000r\000\040\000T\000h\000e\000o\000r\000y}{section.6}% 47
\BOOKMARK [2][-]{subsection.6.11}{\376\377\000C\000o\000n\000v\000o\000l\000u\000t\000i\000o\000n}{section.6}% 48
\BOOKMARK [2][-]{subsection.6.12}{\376\377\000D\000P\000\040\000O\000p\000t\000i\000m\000i\000z\000a\000t\000i\000o\000n}{section.6}% 49
